#
# A fatal error has been detected by the Java Runtime Environment:
#
#  EXCEPTION_ACCESS_VIOLATION (0xc0000005) at pc=0x000000006336fc80, pid=3828, tid=0x0000000000002418
#
# JRE version: Java(TM) SE Runtime Environment (8.0_144-b01) (build 1.8.0_144-b01)
# Java VM: Java HotSpot(TM) 64-Bit Server VM (25.144-b01 mixed mode windows-amd64 compressed oops)
# Problematic frame:
# V  [jvm.dll+0xafc80]
#
# Failed to write core dump. Minidumps are not enabled by default on client versions of Windows
#
# If you would like to submit a bug report, please visit:
#   http://bugreport.java.com/bugreport/crash.jsp
#

---------------  T H R E A D  ---------------

Current thread (0x0000000002e6b000):  GCTaskThread [stack: 0x0000000012ba0000,0x0000000012ca0000] [id=9240]

siginfo: ExceptionCode=0xc0000005, reading address 0x0000000000000008

Registers:
RAX=0x0000000000000000, RBX=0x00000000daf08b50, RCX=0x00000000daf08b50, RDX=0x0000000000000000
RSP=0x0000000012c9f098, RBP=0x0000000012c9f820, RSI=0x0000000017da53c0, RDI=0x000000001ab1d058
R8 =0x0000000000000000, R9 =0x0000000012c9f838, R10=0x0000000000000000, R11=0x0000000063915dd0
R12=0x000000001a081cd0, R13=0x0000000000000000, R14=0x0000000012c9f800, R15=0x0000000002e6b890
RIP=0x000000006336fc80, EFLAGS=0x0000000000010246

Top of Stack: (sp=0x0000000012c9f098)
0x0000000012c9f098:   00000000636c0db2 000000001c4d69b8
0x0000000012c9f0a8:   0000001800000005 0000000000000021
0x0000000012c9f0b8:   0000000002e4e800 00000000da9201b8
0x0000000012c9f0c8:   00000000636c1031 00000000dae089d8
0x0000000012c9f0d8:   000000000000002f 0000000012c9f838
0x0000000012c9f0e8:   0000000000000000 000000001a081cd0
0x0000000012c9f0f8:   00000000636c3ab6 000000001ab1d040
0x0000000012c9f108:   0000000012c9f820 0000000000000000
0x0000000012c9f118:   000000001ab1d058 000000001ab1d040
0x0000000012c9f128:   00000000634d2c40 0000000002e4e9d0
0x0000000012c9f138:   0000000000000000 0000000000000000
0x0000000012c9f148:   0000000012c9f820 000000001adae000
0x0000000012c9f158:   0000000063501219 0000000017c35760
0x0000000012c9f168:   0000000000000000 0000000000000000
0x0000000012c9f178:   0000000012c9f820 0000000012c9f1f0
0x0000000012c9f188:   0000000000000001 000000001c74f4d8 

Instructions: (pc=0x000000006336fc80)
0x000000006336fc60:   6c bb 1d 00 48 8b 9c 24 d0 00 00 00 48 81 c4 c0
0x000000006336fc70:   00 00 00 5d c3 cc cc cc cc cc cc cc cc cc cc cc
0x000000006336fc80:   44 8b 42 08 4c 8b ca 45 85 c0 7e 0e 41 f6 c0 01
0x000000006336fc90:   75 57 41 c1 f8 03 41 8b c0 c3 79 4d 80 3d 3e e8 


Register to memory mapping:

RAX=0x0000000000000000 is an unknown value
RBX=0x00000000daf08b50 is an unknown value
RCX=0x00000000daf08b50 is an unknown value
RDX=0x0000000000000000 is an unknown value
RSP=0x0000000012c9f098 is an unknown value
RBP=0x0000000012c9f820 is an unknown value
RSI=0x0000000017da53c0 is an unknown value
RDI=0x000000001ab1d058 is an unknown value
R8 =0x0000000000000000 is an unknown value
R9 =0x0000000012c9f838 is an unknown value
R10=0x0000000000000000 is an unknown value
R11=0x0000000063915dd0 is an unknown value
R12=0x000000001a081cd0 is an unknown value
R13=0x0000000000000000 is an unknown value
R14=0x0000000012c9f800 is an unknown value
R15=0x0000000002e6b890 is an unknown value


Stack: [0x0000000012ba0000,0x0000000012ca0000],  sp=0x0000000012c9f098,  free space=1020k
Native frames: (J=compiled Java code, j=interpreted, Vv=VM code, C=native code)
V  [jvm.dll+0xafc80]


---------------  P R O C E S S  ---------------

Java Threads: ( => current thread )
  0x000000001b137800 JavaThread "mysql-cj-abandoned-connection-cleanup" daemon [_thread_blocked, id=11752, stack(0x000000001d160000,0x000000001d260000)]
  0x000000001b0b4000 JavaThread "Image Fetcher 0" daemon [_thread_blocked, id=15816, stack(0x000000001c650000,0x000000001c750000)]
  0x000000001af42000 JavaThread "TimerQueue" daemon [_thread_blocked, id=16032, stack(0x000000001c350000,0x000000001c450000)]
  0x0000000002e4e800 JavaThread "DestroyJavaVM" [_thread_blocked, id=15704, stack(0x0000000002d20000,0x0000000002e20000)]
  0x000000001adae000 JavaThread "AWT-EventQueue-0" [_thread_blocked, id=16052, stack(0x000000001c050000,0x000000001c150000)]
  0x000000001ad5a000 JavaThread "AWT-Windows" daemon [_thread_blocked, id=12812, stack(0x000000001b5e0000,0x000000001b6e0000)]
  0x000000001ad55800 JavaThread "AWT-Shutdown" [_thread_blocked, id=10824, stack(0x000000001b4e0000,0x000000001b5e0000)]
  0x000000001ad0e800 JavaThread "Java2D Disposer" daemon [_thread_blocked, id=9720, stack(0x000000001b3e0000,0x000000001b4e0000)]
  0x0000000019d95000 JavaThread "Service Thread" daemon [_thread_blocked, id=3976, stack(0x000000001a8a0000,0x000000001a9a0000)]
  0x0000000019ce2000 JavaThread "C1 CompilerThread3" daemon [_thread_blocked, id=9416, stack(0x000000001a7a0000,0x000000001a8a0000)]
  0x0000000019cd5800 JavaThread "C2 CompilerThread2" daemon [_thread_blocked, id=2192, stack(0x000000001a6a0000,0x000000001a7a0000)]
  0x0000000019ccf800 JavaThread "C2 CompilerThread1" daemon [_thread_blocked, id=2200, stack(0x000000001a5a0000,0x000000001a6a0000)]
  0x0000000019ccd000 JavaThread "C2 CompilerThread0" daemon [_thread_blocked, id=5384, stack(0x000000001a4a0000,0x000000001a5a0000)]
  0x0000000019ccb000 JavaThread "Attach Listener" daemon [_thread_blocked, id=14360, stack(0x000000001a3a0000,0x000000001a4a0000)]
  0x0000000019cca000 JavaThread "Signal Dispatcher" daemon [_thread_blocked, id=16164, stack(0x000000001a2a0000,0x000000001a3a0000)]
  0x0000000019cc0800 JavaThread "Finalizer" daemon [_thread_blocked, id=15580, stack(0x000000001a0a0000,0x000000001a1a0000)]
  0x0000000002f48000 JavaThread "Reference Handler" daemon [_thread_blocked, id=2592, stack(0x0000000019ba0000,0x0000000019ca0000)]

Other Threads:
  0x0000000017daa000 VMThread [stack: 0x0000000019aa0000,0x0000000019ba0000] [id=8296]
  0x0000000019d9b000 WatcherThread [stack: 0x000000001a9a0000,0x000000001aaa0000] [id=14204]

=>0x0000000002e6b000 (exited) GCTaskThread [stack: 0x0000000012ba0000,0x0000000012ca0000] [id=9240]

VM state:at safepoint (normal execution)

VM Mutex/Monitor currently owned by a thread:  ([mutex/lock_event])
[0x0000000002e4d990] Threads_lock - owner thread: 0x0000000017daa000
[0x0000000002e4dd90] Heap_lock - owner thread: 0x000000001adae000

Heap:
 PSYoungGen      total 70656K, used 70401K [0x00000000d6900000, 0x00000000db300000, 0x0000000100000000)
  eden space 65536K, 100% used [0x00000000d6900000,0x00000000da900000,0x00000000da900000)
  from space 5120K, 95% used [0x00000000dae00000,0x00000000db2c0428,0x00000000db300000)
  to   space 5120K, 94% used [0x00000000da900000,0x00000000dadbb8c0,0x00000000dae00000)
 ParOldGen       total 86016K, used 13799K [0x0000000083a00000, 0x0000000088e00000, 0x00000000d6900000)
  object space 86016K, 16% used [0x0000000083a00000,0x0000000084779cd8,0x0000000088e00000)
 Metaspace       used 17058K, capacity 17254K, committed 17664K, reserved 1064960K
  class space    used 2121K, capacity 2187K, committed 2304K, reserved 1048576K

Card table byte_map: [0x0000000012310000,0x0000000012700000] byte_map_base: 0x0000000011ef3000

Marking Bits: (ParMarkBitMap*) 0x0000000063add850
 Begin Bits: [0x00000000131a0000, 0x00000000150b8000)
 End Bits:   [0x00000000150b8000, 0x0000000016fd0000)

Polling page: 0x00000000014f0000

CodeCache: size=245760Kb used=5638Kb max_used=5650Kb free=240121Kb
 bounds [0x0000000002f50000, 0x00000000034e0000, 0x0000000011f50000]
 total_blobs=2261 nmethods=1684 adapters=489
 compilation: enabled

Compilation events (10 events):
Event: 1.643 Thread 0x0000000019ccd000 1678       4       javax.swing.JComponent::contains (27 bytes)
Event: 1.643 Thread 0x0000000019ccd000 nmethod 1678 0x00000000034cbd10 code [0x00000000034cbe40, 0x00000000034cbed8]
Event: 1.647 Thread 0x0000000019ce2000 1687       3       java.awt.event.InputEvent::getModifiers (8 bytes)
Event: 1.647 Thread 0x0000000019ce2000 nmethod 1687 0x00000000034d3150 code [0x00000000034d32a0, 0x00000000034d33f0]
Event: 1.668 Thread 0x0000000019ce2000 1688       3       java.awt.GraphicsEnvironment::isHeadless (4 bytes)
Event: 1.668 Thread 0x0000000019ce2000 nmethod 1688 0x00000000034d2910 code [0x00000000034d2aa0, 0x00000000034d2fc8]
Event: 1.668 Thread 0x0000000019ce2000 1689       3       java.awt.GraphicsEnvironment::getHeadlessProperty (22 bytes)
Event: 1.668 Thread 0x0000000019ce2000 nmethod 1689 0x00000000034d4490 code [0x00000000034d4620, 0x00000000034d4ae8]
Event: 1.675 Thread 0x0000000019ccd000 1690       4       sun.awt.EventQueueItem::<init> (10 bytes)
Event: 1.675 Thread 0x0000000019ccd000 nmethod 1690 0x00000000034b1750 code [0x00000000034b1880, 0x00000000034b18f8]

GC Heap History (9 events):
Event: 0.835 GC heap before
{Heap before GC invocations=1 (full 0):
 PSYoungGen      total 37888K, used 32768K [0x00000000d6900000, 0x00000000d9300000, 0x0000000100000000)
  eden space 32768K, 100% used [0x00000000d6900000,0x00000000d8900000,0x00000000d8900000)
  from space 5120K, 0% used [0x00000000d8e00000,0x00000000d8e00000,0x00000000d9300000)
  to   space 5120K, 0% used [0x00000000d8900000,0x00000000d8900000,0x00000000d8e00000)
 ParOldGen       total 86016K, used 0K [0x0000000083a00000, 0x0000000088e00000, 0x00000000d6900000)
  object space 86016K, 0% used [0x0000000083a00000,0x0000000083a00000,0x0000000088e00000)
 Metaspace       used 15624K, capacity 15842K, committed 16256K, reserved 1062912K
  class space    used 1967K, capacity 2059K, committed 2176K, reserved 1048576K
Event: 0.839 GC heap after
Heap after GC invocations=1 (full 0):
 PSYoungGen      total 37888K, used 5092K [0x00000000d6900000, 0x00000000d9300000, 0x0000000100000000)
  eden space 32768K, 0% used [0x00000000d6900000,0x00000000d6900000,0x00000000d8900000)
  from space 5120K, 99% used [0x00000000d8900000,0x00000000d8df9228,0x00000000d8e00000)
  to   space 5120K, 0% used [0x00000000d8e00000,0x00000000d8e00000,0x00000000d9300000)
 ParOldGen       total 86016K, used 267K [0x0000000083a00000, 0x0000000088e00000, 0x00000000d6900000)
  object space 86016K, 0% used [0x0000000083a00000,0x0000000083a42f78,0x0000000088e00000)
 Metaspace       used 15624K, capacity 15842K, committed 16256K, reserved 1062912K
  class space    used 1967K, capacity 2059K, committed 2176K, reserved 1048576K
}
Event: 1.016 GC heap before
{Heap before GC invocations=2 (full 0):
 PSYoungGen      total 37888K, used 37860K [0x00000000d6900000, 0x00000000d9300000, 0x0000000100000000)
  eden space 32768K, 100% used [0x00000000d6900000,0x00000000d8900000,0x00000000d8900000)
  from space 5120K, 99% used [0x00000000d8900000,0x00000000d8df9228,0x00000000d8e00000)
  to   space 5120K, 0% used [0x00000000d8e00000,0x00000000d8e00000,0x00000000d9300000)
 ParOldGen       total 86016K, used 267K [0x0000000083a00000, 0x0000000088e00000, 0x00000000d6900000)
  object space 86016K, 0% used [0x0000000083a00000,0x0000000083a42f78,0x0000000088e00000)
 Metaspace       used 16584K, capacity 16802K, committed 17152K, reserved 1064960K
  class space    used 2099K, capacity 2187K, committed 2304K, reserved 1048576K
Event: 1.021 GC heap after
Heap after GC invocations=2 (full 0):
 PSYoungGen      total 37888K, used 4958K [0x00000000d6900000, 0x00000000db300000, 0x0000000100000000)
  eden space 32768K, 0% used [0x00000000d6900000,0x00000000d6900000,0x00000000d8900000)
  from space 5120K, 96% used [0x00000000d8e00000,0x00000000d92d7b58,0x00000000d9300000)
  to   space 5120K, 0% used [0x00000000d8900000,0x00000000d8900000,0x00000000d8e00000)
 ParOldGen       total 86016K, used 13775K [0x0000000083a00000, 0x0000000088e00000, 0x00000000d6900000)
  object space 86016K, 16% used [0x0000000083a00000,0x0000000084773cd8,0x0000000088e00000)
 Metaspace       used 16584K, capacity 16802K, committed 17152K, reserved 1064960K
  class space    used 2099K, capacity 2187K, committed 2304K, reserved 1048576K
}
Event: 1.234 GC heap before
{Heap before GC invocations=3 (full 0):
 PSYoungGen      total 37888K, used 37726K [0x00000000d6900000, 0x00000000db300000, 0x0000000100000000)
  eden space 32768K, 100% used [0x00000000d6900000,0x00000000d8900000,0x00000000d8900000)
  from space 5120K, 96% used [0x00000000d8e00000,0x00000000d92d7b58,0x00000000d9300000)
  to   space 5120K, 0% used [0x00000000d8900000,0x00000000d8900000,0x00000000d8e00000)
 ParOldGen       total 86016K, used 13775K [0x0000000083a00000, 0x0000000088e00000, 0x00000000d6900000)
  object space 86016K, 16% used [0x0000000083a00000,0x0000000084773cd8,0x0000000088e00000)
 Metaspace       used 17040K, capacity 17254K, committed 17664K, reserved 1064960K
  class space    used 2120K, capacity 2187K, committed 2304K, reserved 1048576K
Event: 1.239 GC heap after
Heap after GC invocations=3 (full 0):
 PSYoungGen      total 37888K, used 4849K [0x00000000d6900000, 0x00000000db300000, 0x0000000100000000)
  eden space 32768K, 0% used [0x00000000d6900000,0x00000000d6900000,0x00000000d8900000)
  from space 5120K, 94% used [0x00000000d8900000,0x00000000d8dbc438,0x00000000d8e00000)
  to   space 5120K, 0% used [0x00000000dae00000,0x00000000dae00000,0x00000000db300000)
 ParOldGen       total 86016K, used 13783K [0x0000000083a00000, 0x0000000088e00000, 0x00000000d6900000)
  object space 86016K, 16% used [0x0000000083a00000,0x0000000084775cd8,0x0000000088e00000)
 Metaspace       used 17040K, capacity 17254K, committed 17664K, reserved 1064960K
  class space    used 2120K, capacity 2187K, committed 2304K, reserved 1048576K
}
Event: 1.414 GC heap before
{Heap before GC invocations=4 (full 0):
 PSYoungGen      total 37888K, used 37617K [0x00000000d6900000, 0x00000000db300000, 0x0000000100000000)
  eden space 32768K, 100% used [0x00000000d6900000,0x00000000d8900000,0x00000000d8900000)
  from space 5120K, 94% used [0x00000000d8900000,0x00000000d8dbc438,0x00000000d8e00000)
  to   space 5120K, 0% used [0x00000000dae00000,0x00000000dae00000,0x00000000db300000)
 ParOldGen       total 86016K, used 13783K [0x0000000083a00000, 0x0000000088e00000, 0x00000000d6900000)
  object space 86016K, 16% used [0x0000000083a00000,0x0000000084775cd8,0x0000000088e00000)
 Metaspace       used 17046K, capacity 17254K, committed 17664K, reserved 1064960K
  class space    used 2120K, capacity 2187K, committed 2304K, reserved 1048576K
Event: 1.418 GC heap after
Heap after GC invocations=4 (full 0):
 PSYoungGen      total 70656K, used 4865K [0x00000000d6900000, 0x00000000db300000, 0x0000000100000000)
  eden space 65536K, 0% used [0x00000000d6900000,0x00000000d6900000,0x00000000da900000)
  from space 5120K, 95% used [0x00000000dae00000,0x00000000db2c0428,0x00000000db300000)
  to   space 5120K, 0% used [0x00000000da900000,0x00000000da900000,0x00000000dae00000)
 ParOldGen       total 86016K, used 13791K [0x0000000083a00000, 0x0000000088e00000, 0x00000000d6900000)
  object space 86016K, 16% used [0x0000000083a00000,0x0000000084777cd8,0x0000000088e00000)
 Metaspace       used 17046K, capacity 17254K, committed 17664K, reserved 1064960K
  class space    used 2120K, capacity 2187K, committed 2304K, reserved 1048576K
}
Event: 1.677 GC heap before
{Heap before GC invocations=5 (full 0):
 PSYoungGen      total 70656K, used 70401K [0x00000000d6900000, 0x00000000db300000, 0x0000000100000000)
  eden space 65536K, 100% used [0x00000000d6900000,0x00000000da900000,0x00000000da900000)
  from space 5120K, 95% used [0x00000000dae00000,0x00000000db2c0428,0x00000000db300000)
  to   space 5120K, 0% used [0x00000000da900000,0x00000000da900000,0x00000000dae00000)
 ParOldGen       total 86016K, used 13791K [0x0000000083a00000, 0x0000000088e00000, 0x00000000d6900000)
  object space 86016K, 16% used [0x0000000083a00000,0x0000000084777cd8,0x0000000088e00000)
 Metaspace       used 17058K, capacity 17254K, committed 17664K, reserved 1064960K
  class space    used 2121K, capacity 2187K, committed 2304K, reserved 1048576K

Deoptimization events (10 events):
Event: 1.105 Thread 0x000000001af42000 Uncommon trap: reason=unstable_if action=reinterpret pc=0x0000000003287f64 method=java.util.concurrent.locks.ReentrantLock$Sync.nonfairTryAcquire(I)Z @ 34
Event: 1.105 Thread 0x000000001af42000 Uncommon trap: reason=unstable_if action=reinterpret pc=0x0000000003297a3c method=java.util.concurrent.locks.AbstractQueuedSynchronizer.enq(Ljava/util/concurrent/locks/AbstractQueuedSynchronizer$Node;)Ljava/util/concurrent/locks/AbstractQueuedSynchronizer
Event: 1.105 Thread 0x000000001af42000 Uncommon trap: reason=unstable_if action=reinterpret pc=0x0000000003280470 method=java.util.concurrent.locks.ReentrantLock$Sync.nonfairTryAcquire(I)Z @ 34
Event: 1.107 Thread 0x000000001af42000 Uncommon trap: reason=unstable_if action=reinterpret pc=0x0000000003293234 method=java.util.concurrent.locks.ReentrantLock$Sync.nonfairTryAcquire(I)Z @ 34
Event: 1.117 Thread 0x000000001af42000 Uncommon trap: reason=unstable_if action=reinterpret pc=0x00000000033942fc method=java.util.PriorityQueue.poll()Ljava/lang/Object; @ 53
Event: 1.458 Thread 0x000000001af42000 Uncommon trap: reason=unstable_if action=reinterpret pc=0x000000000345b770 method=java.util.concurrent.locks.AbstractQueuedSynchronizer.acquireQueued(Ljava/util/concurrent/locks/AbstractQueuedSynchronizer$Node;I)Z @ 17
Event: 1.599 Thread 0x000000001af42000 Uncommon trap: reason=unstable_if action=reinterpret pc=0x00000000033ace90 method=javax.swing.TimerQueue$DelayedTimer.compareTo(Ljava/util/concurrent/Delayed;)I @ 32
Event: 1.599 Thread 0x000000001af42000 Uncommon trap: reason=unstable_if action=reinterpret pc=0x00000000033c1330 method=javax.swing.TimerQueue$DelayedTimer.compareTo(Ljava/util/concurrent/Delayed;)I @ 32
Event: 1.599 Thread 0x000000001adae000 Uncommon trap: reason=class_check action=maybe_recompile pc=0x00000000034a7e30 method=javax.swing.Timer.fireActionPerformed(Ljava/awt/event/ActionEvent;)V @ 30
Event: 1.599 Thread 0x000000001af42000 Uncommon trap: reason=unstable_if action=reinterpret pc=0x000000000329f8f8 method=java.util.concurrent.locks.AbstractQueuedSynchronizer.enq(Ljava/util/concurrent/locks/AbstractQueuedSynchronizer$Node;)Ljava/util/concurrent/locks/AbstractQueuedSynchronizer

Internal exceptions (10 events):
Event: 0.298 Thread 0x0000000002e4e800 Exception <a 'java/lang/ClassNotFoundException': ToolBar> (0x00000000d6eb05d0) thrown at [C:\re\workspace\8-2-build-windows-amd64-cygwin\jdk8u144\9417\hotspot\src\share\vm\classfile\systemDictionary.cpp, line 210]
Event: 0.298 Thread 0x0000000002e4e800 Exception <a 'java/lang/ClassNotFoundException': ToggleButton> (0x00000000d6eb0b80) thrown at [C:\re\workspace\8-2-build-windows-amd64-cygwin\jdk8u144\9417\hotspot\src\share\vm\classfile\systemDictionary.cpp, line 210]
Event: 0.298 Thread 0x0000000002e4e800 Exception <a 'java/lang/ClassNotFoundException': javax/swing/JToolBarSeparator> (0x00000000d6eb0fe0) thrown at [C:\re\workspace\8-2-build-windows-amd64-cygwin\jdk8u144\9417\hotspot\src\share\vm\classfile\systemDictionary.cpp, line 210]
Event: 0.298 Thread 0x0000000002e4e800 Exception <a 'java/lang/ClassNotFoundException': ToolBarSeparator> (0x00000000d6eb1478) thrown at [C:\re\workspace\8-2-build-windows-amd64-cygwin\jdk8u144\9417\hotspot\src\share\vm\classfile\systemDictionary.cpp, line 210]
Event: 0.298 Thread 0x0000000002e4e800 Exception <a 'java/lang/ClassNotFoundException': ToolTip> (0x00000000d6eb1bb8) thrown at [C:\re\workspace\8-2-build-windows-amd64-cygwin\jdk8u144\9417\hotspot\src\share\vm\classfile\systemDictionary.cpp, line 210]
Event: 0.298 Thread 0x0000000002e4e800 Exception <a 'java/lang/ClassNotFoundException': Tree> (0x00000000d6eb27d8) thrown at [C:\re\workspace\8-2-build-windows-amd64-cygwin\jdk8u144\9417\hotspot\src\share\vm\classfile\systemDictionary.cpp, line 210]
Event: 0.299 Thread 0x0000000002e4e800 Exception <a 'java/lang/ClassNotFoundException': Tree> (0x00000000d6eb2f18) thrown at [C:\re\workspace\8-2-build-windows-amd64-cygwin\jdk8u144\9417\hotspot\src\share\vm\classfile\systemDictionary.cpp, line 210]
Event: 0.299 Thread 0x0000000002e4e800 Exception <a 'java/lang/ClassNotFoundException': javax/swing/JTreeCell> (0x00000000d6eb3298) thrown at [C:\re\workspace\8-2-build-windows-amd64-cygwin\jdk8u144\9417\hotspot\src\share\vm\classfile\systemDictionary.cpp, line 210]
Event: 0.299 Thread 0x0000000002e4e800 Exception <a 'java/lang/ClassNotFoundException': TreeCell> (0x00000000d6eb3720) thrown at [C:\re\workspace\8-2-build-windows-amd64-cygwin\jdk8u144\9417\hotspot\src\share\vm\classfile\systemDictionary.cpp, line 210]
Event: 0.299 Thread 0x0000000002e4e800 Exception <a 'java/lang/ClassNotFoundException': RootPane> (0x00000000d6eb4180) thrown at [C:\re\workspace\8-2-build-windows-amd64-cygwin\jdk8u144\9417\hotspot\src\share\vm\classfile\systemDictionary.cpp, line 210]

Events (10 events):
Event: 1.599 Thread 0x000000001adae000 Uncommon trap: trap_request=0xffffffde fr.pc=0x00000000034a7e30
Event: 1.599 Thread 0x000000001af42000 Uncommon trap: trap_request=0xffffff65 fr.pc=0x00000000033c1330
Event: 1.599 Thread 0x000000001af42000 DEOPT PACKING pc=0x00000000033c1330 sp=0x000000001c44f430
Event: 1.599 Thread 0x000000001af42000 DEOPT UNPACKING pc=0x0000000002f9582a sp=0x000000001c44f1c8 mode 2
Event: 1.599 Thread 0x000000001adae000 DEOPT PACKING pc=0x00000000034a7e30 sp=0x000000001c14e340
Event: 1.599 Thread 0x000000001af42000 Uncommon trap: trap_request=0xffffff65 fr.pc=0x000000000329f8f8
Event: 1.599 Thread 0x000000001af42000 DEOPT PACKING pc=0x000000000329f8f8 sp=0x000000001c44f4e0
Event: 1.599 Thread 0x000000001adae000 DEOPT UNPACKING pc=0x0000000002f9582a sp=0x000000001c14e140 mode 2
Event: 1.599 Thread 0x000000001af42000 DEOPT UNPACKING pc=0x0000000002f9582a sp=0x000000001c44f3e0 mode 2
Event: 1.677 Executing VM operation: ParallelGCFailedAllocation


Dynamic libraries:
0x00007ff60eb30000 - 0x00007ff60eb67000 	D:\java\jdk1.8.0_144\bin\java.exe
0x00007ffdb2770000 - 0x00007ffdb2965000 	C:\WINDOWS\SYSTEM32\ntdll.dll
0x00007ffdb1050000 - 0x00007ffdb110d000 	C:\WINDOWS\System32\KERNEL32.DLL
0x00007ffdb0280000 - 0x00007ffdb0549000 	C:\WINDOWS\System32\KERNELBASE.dll
0x00007ffdb15c0000 - 0x00007ffdb166c000 	C:\WINDOWS\System32\ADVAPI32.dll
0x00007ffdb1430000 - 0x00007ffdb14ce000 	C:\WINDOWS\System32\msvcrt.dll
0x00007ffdb18b0000 - 0x00007ffdb194c000 	C:\WINDOWS\System32\sechost.dll
0x00007ffdb12f0000 - 0x00007ffdb141b000 	C:\WINDOWS\System32\RPCRT4.dll
0x00007ffdb1a10000 - 0x00007ffdb1bb0000 	C:\WINDOWS\System32\USER32.dll
0x00007ffdb0550000 - 0x00007ffdb0572000 	C:\WINDOWS\System32\win32u.dll
0x00007ffdb19e0000 - 0x00007ffdb1a0a000 	C:\WINDOWS\System32\GDI32.dll
0x00007ffdb0010000 - 0x00007ffdb011b000 	C:\WINDOWS\System32\gdi32full.dll
0x00007ffdb0630000 - 0x00007ffdb06cd000 	C:\WINDOWS\System32\msvcp_win.dll
0x00007ffdb06d0000 - 0x00007ffdb07d0000 	C:\WINDOWS\System32\ucrtbase.dll
0x00007ffdaf270000 - 0x00007ffdaf50a000 	C:\WINDOWS\WinSxS\amd64_microsoft.windows.common-controls_6595b64144ccf1df_6.0.19041.844_none_ca00b6081b84eb1d\COMCTL32.dll
0x00007ffdb07d0000 - 0x00007ffdb0800000 	C:\WINDOWS\System32\IMM32.DLL
0x00000000631e0000 - 0x00000000632b2000 	D:\java\jdk1.8.0_144\jre\bin\msvcr100.dll
0x00000000632c0000 - 0x0000000063b5d000 	D:\java\jdk1.8.0_144\jre\bin\server\jvm.dll
0x00007ffdb1420000 - 0x00007ffdb1428000 	C:\WINDOWS\System32\PSAPI.DLL
0x00007ffda57a0000 - 0x00007ffda57aa000 	C:\WINDOWS\SYSTEM32\VERSION.dll
0x00007ffd82e80000 - 0x00007ffd82e89000 	C:\WINDOWS\SYSTEM32\WSOCK32.dll
0x00007ffdb14f0000 - 0x00007ffdb155b000 	C:\WINDOWS\System32\WS2_32.dll
0x00007ffd96ca0000 - 0x00007ffd96cc7000 	C:\WINDOWS\SYSTEM32\WINMM.dll
0x0000000063190000 - 0x000000006319f000 	D:\java\jdk1.8.0_144\jre\bin\verify.dll
0x0000000063160000 - 0x0000000063189000 	D:\java\jdk1.8.0_144\jre\bin\java.dll
0x0000000063140000 - 0x0000000063156000 	D:\java\jdk1.8.0_144\jre\bin\zip.dll
0x00007ffdb1f70000 - 0x00007ffdb26b2000 	C:\WINDOWS\System32\SHELL32.dll
0x00007ffdad9a0000 - 0x00007ffdae130000 	C:\WINDOWS\SYSTEM32\windows.storage.dll
0x00007ffdb1bb0000 - 0x00007ffdb1f05000 	C:\WINDOWS\System32\combase.dll
0x00007ffdaf1d0000 - 0x00007ffdaf1fc000 	C:\WINDOWS\SYSTEM32\Wldp.dll
0x00007ffdb1240000 - 0x00007ffdb12ee000 	C:\WINDOWS\System32\SHCORE.dll
0x00007ffdb26d0000 - 0x00007ffdb2725000 	C:\WINDOWS\System32\shlwapi.dll
0x00007ffdafdf0000 - 0x00007ffdafe0f000 	C:\WINDOWS\SYSTEM32\profapi.dll
0x0000000062f60000 - 0x00000000630f8000 	D:\java\jdk1.8.0_144\jre\bin\awt.dll
0x00007ffdb0a30000 - 0x00007ffdb0afd000 	C:\WINDOWS\System32\OLEAUT32.dll
0x00007ffdac9f0000 - 0x00007ffdaca80000 	C:\WINDOWS\SYSTEM32\apphelp.dll
0x00007ffdad210000 - 0x00007ffdad2ae000 	C:\WINDOWS\system32\uxtheme.dll
0x00007ffdb16d0000 - 0x00007ffdb17e5000 	C:\WINDOWS\System32\MSCTF.dll
0x00007ffdb1110000 - 0x00007ffdb123a000 	C:\WINDOWS\System32\ole32.dll
0x00007ffdae140000 - 0x00007ffdae152000 	C:\WINDOWS\SYSTEM32\kernel.appcore.dll
0x00007ffdb01d0000 - 0x00007ffdb0250000 	C:\WINDOWS\System32\bcryptPrimitives.dll
0x00007ffdad400000 - 0x00007ffdad42f000 	C:\WINDOWS\system32\DWMAPI.DLL
0x0000000062f10000 - 0x0000000062f57000 	D:\java\jdk1.8.0_144\jre\bin\fontmanager.dll
0x00007ffd861a0000 - 0x00007ffd862c6000 	C:\WINDOWS\system32\opengl32.dll
0x00007ffd89cd0000 - 0x00007ffd89cfc000 	C:\WINDOWS\SYSTEM32\GLU32.dll
0x0000000063120000 - 0x000000006313a000 	D:\java\jdk1.8.0_144\jre\bin\net.dll
0x00007ffdaf0b0000 - 0x00007ffdaf11a000 	C:\WINDOWS\system32\mswsock.dll
0x0000000063100000 - 0x0000000063111000 	D:\java\jdk1.8.0_144\jre\bin\nio.dll
0x0000000062ec0000 - 0x0000000062f02000 	D:\java\jdk1.8.0_144\jre\bin\t2k.dll
0x00007ffdb17f0000 - 0x00007ffdb1899000 	C:\WINDOWS\System32\clbcatq.dll
0x00007ffda91d0000 - 0x00007ffda9384000 	C:\WINDOWS\SYSTEM32\WindowsCodecs.dll
0x00007ffdb0250000 - 0x00007ffdb0277000 	C:\WINDOWS\System32\bcrypt.dll
0x00007ffd863d0000 - 0x00007ffd8640e000 	C:\WINDOWS\system32\dataexchange.dll
0x00007ffdaace0000 - 0x00007ffdaaf44000 	C:\WINDOWS\system32\d3d11.dll
0x00007ffdabbd0000 - 0x00007ffdabdb7000 	C:\WINDOWS\system32\dcomp.dll
0x00007ffdae1b0000 - 0x00007ffdae2a3000 	C:\WINDOWS\system32\dxgi.dll
0x00007ffda99b0000 - 0x00007ffda9bb1000 	C:\WINDOWS\system32\twinapi.appcore.dll
0x00007ffdaec80000 - 0x00007ffdaed4b000 	C:\WINDOWS\SYSTEM32\DNSAPI.dll
0x00007ffdaec40000 - 0x00007ffdaec7b000 	C:\WINDOWS\SYSTEM32\IPHLPAPI.DLL
0x00007ffdb26c0000 - 0x00007ffdb26c8000 	C:\WINDOWS\System32\NSI.dll
0x00007ffd993f0000 - 0x00007ffd993fa000 	C:\Windows\System32\rasadhlp.dll
0x00007ffd9e1c0000 - 0x00007ffd9e23f000 	C:\WINDOWS\System32\fwpuclnt.dll
0x00007ffda4fe0000 - 0x00007ffda50db000 	C:\WINDOWS\SYSTEM32\textinputframework.dll
0x00007ffdac140000 - 0x00007ffdac49e000 	C:\WINDOWS\System32\CoreUIComponents.dll
0x00007ffdac500000 - 0x00007ffdac5f2000 	C:\WINDOWS\System32\CoreMessaging.dll
0x00007ffdafb30000 - 0x00007ffdafb63000 	C:\WINDOWS\SYSTEM32\ntmarta.dll
0x00007ffdaba70000 - 0x00007ffdabbc4000 	C:\WINDOWS\SYSTEM32\wintypes.dll
0x0000000062e80000 - 0x0000000062eaa000 	D:\java\jdk1.8.0_144\jre\bin\dcpr.dll
0x00007ffdaf7e0000 - 0x00007ffdaf9c4000 	C:\WINDOWS\SYSTEM32\dbghelp.dll

VM Arguments:
jvm_args: -Dfile.encoding=UTF-8 
java_command: customer
java_class_path (initial): C:\Program Files (x86)\NetBeans 8.2\java\modules\ext\AbsoluteLayout.jar;C:\Users\milin\Downloads\mysql-connector-java-5.1.49\mysql-connector-java-5.1.49\mysql-connector-java-5.1.49-bin.jar;C:\Users\milin\Downloads\mysql-connector-java-5.1.49\mysql-connector-java-5.1.49\mysql-connector-java-5.1.49.jar;C:\Users\milin\OneDrive\Desktop\transport icon\jcalendar-1.4\lib\jcalendar-1.4.jar;C:\Users\milin\OneDrive\Desktop\transport icon\jcalendar-1.4\lib\jgoodies-common-1.2.0.jar;C:\Users\milin\OneDrive\Desktop\transport icon\jcalendar-1.4\lib\jgoodies-looks-2.4.1.jar;C:\Users\milin\OneDrive\Desktop\transport icon\jcalendar-1.4\lib\junit-4.6.jar;C:\Users\milin\Downloads\jar_files3\aopalliance-1.0.jar;C:\Users\milin\Downloads\jar_files3\bcmail-jdk14-1.38.jar;C:\Users\milin\Downloads\jar_files3\bcmail-jdk14-138.jar;C:\Users\milin\Downloads\jar_files3\bcprov-jdk14-1.38.jar;C:\Users\milin\Downloads\jar_files3\bcprov-jdk14-138.jar;C:\Users\milin\Downloads\jar_files3\bctsp-jdk14-1.38.jar;C:\Users\milin\Downloads\jar_files3\castor-core-1.3.3.jar;C:\Users\milin\Downloads\jar_files3\castor-xml-1.3.3.jar;C:\Users\milin\Downloads\jar_files3\commons-beanutils-1.9.0.jar;C:\Users\milin\Downloads\jar_files3\commons-collections-3.2.2.jar;C:\Users\milin\Downloads\jar_files3\commons-digester-2.1.jar;C:\Users\milin\Downloads\jar_files3\commons-lang-2.6.jar;C:\Users\milin\Downloads\jar_files3\commons-logging-1.1.1.jar;C:\Users\milin\Downloads\jar_files3\core-2.3.0.jar;C:\Users\milin\Downloads\jar_files3\ecj-4.3.1.jar;C:\Users\milin\Downloads\jar_files3\icu4j-57.1.jar;C:\Users\milin\Downloads\jar_files3\itext-2.1.7.js5.jar;C:\Users\milin\Downloads\jar_files3\jackson-annotations-2.1.4.jar;C:\Users\milin\Downloads\jar_files3\jackson-core-2.1.4.jar;C:\Users\milin\Downloads\jar_files3\jackson-databind-2.1.4.jar;C:\Users\milin\Downloads\jar_files3\jakarta-regexp-1.4.jar;C:\Users\milin\Downloads\jar_files3\jasperreports-6.3.0.jar;C:\Users\milin\Downloads\jar_files3\javax.i
Launcher Type: SUN_STANDARD

Environment Variables:
PATH=C:\Program Files (x86)\Common Files\Oracle\Java\javapath;C:\WINDOWS\system32;C:\WINDOWS;C:\WINDOWS\System32\Wbem;C:\WINDOWS\System32\WindowsPowerShell\v1.0\;C:\WINDOWS\System32\OpenSSH\;C:\Program Files (x86)\Microsoft SQL Server\100\Tools\Binn\;C:\Program Files\Microsoft SQL Server\100\Tools\Binn\;C:\Program Files\Microsoft SQL Server\100\DTS\Binn\;C:\Program Files\dotnet\;C:\Program Files\Microsoft SQL Server\130\Tools\Binn\;C:\Program Files\Microsoft SQL Server\Client SDK\ODBC\170\Tools\Binn\;C:\Program Files\PuTTY\;C:\Users\milin\AppData\Local\Microsoft\WindowsApps;C:\Users\milin\.dotnet\tools
USERNAME=milin
OS=Windows_NT
PROCESSOR_IDENTIFIER=Intel64 Family 6 Model 126 Stepping 5, GenuineIntel



---------------  S Y S T E M  ---------------

OS: Windows 10.0 , 64 bit Build 19041 (10.0.19041.804)

CPU:total 8 (initial active 8) (4 cores per cpu, 2 threads per core) family 6 model 126 stepping 5, cmov, cx8, fxsr, mmx, sse, sse2, sse3, ssse3, sse4.1, sse4.2, popcnt, avx, avx2, aes, clmul, erms, 3dnowpref, lzcnt, ht, tsc, tscinvbit, bmi1, bmi2, adx

Memory: 4k page, physical 8150496k(2498872k free), swap 11034080k(2732356k free)

vm_info: Java HotSpot(TM) 64-Bit Server VM (25.144-b01) for windows-amd64 JRE (1.8.0_144-b01), built on Jul 21 2017 21:57:33 by "java_re" with MS VC++ 10.0 (VS2010)

time: Fri Mar 26 19:31:10 2021
elapsed time: 2 seconds (0d 0h 0m 2s)

